\BOOKMARK [1][-]{appendix.Alph1}{Introducci\363n.}{}% 1
\BOOKMARK [2][-]{subsection.Alph1.1}{Planteamiento del problema.}{appendix.Alph1}% 2
\BOOKMARK [2][-]{subsection.Alph1.2}{Justificaci\363n.}{appendix.Alph1}% 3
\BOOKMARK [2][-]{subsection.Alph1.3}{Objetivos.}{appendix.Alph1}% 4
\BOOKMARK [2][-]{subsection.Alph1.4}{Objetivos.}{appendix.Alph1}% 5
\BOOKMARK [2][-]{subsection.Alph1.5}{Objetivos.}{appendix.Alph1}% 6
\BOOKMARK [2][-]{subsection.Alph1.6}{Metodolog\355a.}{appendix.Alph1}% 7
\BOOKMARK [2][-]{subsection.Alph1.7}{Estado del Arte.}{appendix.Alph1}% 8
\BOOKMARK [1][-]{appendix.Alph2}{Marco Te\363rico.}{}% 9
\BOOKMARK [2][-]{subsection.Alph2.1}{Formato a decidir.}{appendix.Alph2}% 10
\BOOKMARK [1][-]{appendix.Alph3}{An\341lisis.}{}% 11
\BOOKMARK [2][-]{subsection.Alph3.1}{Prototipo I.}{appendix.Alph3}% 12
\BOOKMARK [3][-]{subsubsection.Alph3.1.1}{Descripci\363n.}{subsection.Alph3.1}% 13
\BOOKMARK [3][-]{subsubsection.Alph3.1.2}{Herramientas a usar.}{subsection.Alph3.1}% 14
\BOOKMARK [3][-]{subsubsection.Alph3.1.3}{Estudio de requerimientos.}{subsection.Alph3.1}% 15
\BOOKMARK [3][-]{subsubsection.Alph3.1.4}{Reglas del negocio.}{subsection.Alph3.1}% 16
\BOOKMARK [1][-]{appendix.Alph4}{Desarrollo.}{}% 17
\BOOKMARK [2][-]{subsection.Alph4.1}{Prototipo I.}{appendix.Alph4}% 18
\BOOKMARK [3][-]{subsubsection.Alph4.1.1}{Diagrama de casos de uso.}{subsection.Alph4.1}% 19
\BOOKMARK [3][-]{subsubsection.Alph4.1.2}{Descripci\363n de casos de uso.}{subsection.Alph4.1}% 20
\BOOKMARK [3][-]{subsubsection.Alph4.1.3}{Diagrama de flujo.}{subsection.Alph4.1}% 21
\BOOKMARK [3][-]{subsubsection.Alph4.1.4}{Descripci\363n de casos de uso.}{subsection.Alph4.1}% 22
\BOOKMARK [3][-]{subsubsection.Alph4.1.5}{Diagrama de flujo.}{subsection.Alph4.1}% 23
\BOOKMARK [3][-]{subsubsection.Alph4.1.6}{Flujo de datos.}{subsection.Alph4.1}% 24
\BOOKMARK [3][-]{subsubsection.Alph4.1.7}{Diagrama de clases.}{subsection.Alph4.1}% 25
\BOOKMARK [3][-]{subsubsection.Alph4.1.8}{Diagrama de secuencia.}{subsection.Alph4.1}% 26
\BOOKMARK [3][-]{subsubsection.Alph4.1.9}{Interfaz de usuario.}{subsection.Alph4.1}% 27
\BOOKMARK [3][-]{subsubsection.Alph4.1.10}{Requisitos de dise\361o.}{subsection.Alph4.1}% 28
